[debug] [2020-04-28T18:58:45.636Z] ----------------------------------------------------------------------
[debug] [2020-04-28T18:58:45.638Z] Command:       C:\Program Files\nodejs\node.exe C:\Users\Oleksii_Bruma\AppData\Roaming\npm\node_modules\firebase-tools\lib\bin\firebase.js serve --only hosting
[debug] [2020-04-28T18:58:45.638Z] CLI Version:   8.2.0
[debug] [2020-04-28T18:58:45.638Z] Platform:      win32
[debug] [2020-04-28T18:58:45.638Z] Node Version:  v12.16.1
[debug] [2020-04-28T18:58:45.639Z] Time:          Tue Apr 28 2020 21:58:45 GMT+0300 (Eastern European Summer Time)
[debug] [2020-04-28T18:58:45.639Z] ----------------------------------------------------------------------
[debug] [2020-04-28T18:58:45.639Z] 
[debug] [2020-04-28T18:58:45.646Z] > command requires scopes: ["email","openid","https://www.googleapis.com/auth/cloudplatformprojects.readonly","https://www.googleapis.com/auth/firebase","https://www.googleapis.com/auth/cloud-platform"]
[debug] [2020-04-28T18:58:45.646Z] > authorizing via signed-in user
[debug] [2020-04-28T18:58:45.646Z] [iam] checking project courses-65713 for permissions ["firebase.projects.get"]
[debug] [2020-04-28T18:58:45.648Z] >>> HTTP REQUEST POST https://cloudresourcemanager.googleapis.com/v1/projects/courses-65713:testIamPermissions  
 {"permissions":["firebase.projects.get"]}
[debug] [2020-04-28T18:58:46.050Z] <<< HTTP RESPONSE 200 {"content-type":"application/json; charset=UTF-8","vary":"X-Origin, Referer, Origin,Accept-Encoding","date":"Tue, 28 Apr 2020 18:58:45 GMT","server":"ESF","cache-control":"private","x-xss-protection":"0","x-frame-options":"SAMEORIGIN","x-content-type-options":"nosniff","server-timing":"gfet4t7; dur=157","alt-svc":"h3-Q050=\":443\"; ma=2592000,h3-Q049=\":443\"; ma=2592000,h3-Q048=\":443\"; ma=2592000,h3-Q046=\":443\"; ma=2592000,h3-Q043=\":443\"; ma=2592000,h3-T050=\":443\"; ma=2592000,quic=\":443\"; ma=2592000; v=\"46,43\"","accept-ranges":"none","transfer-encoding":"chunked"}
[debug] [2020-04-28T18:58:46.051Z] >>> HTTP REQUEST GET https://firebase.googleapis.com/v1beta1/projects/courses-65713  
 
[debug] [2020-04-28T18:58:46.467Z] <<< HTTP RESPONSE 200 {"content-type":"application/json; charset=UTF-8","vary":"X-Origin, Referer, Origin,Accept-Encoding","date":"Tue, 28 Apr 2020 18:58:46 GMT","server":"ESF","cache-control":"private","x-xss-protection":"0","x-frame-options":"SAMEORIGIN","x-content-type-options":"nosniff","alt-svc":"quic=\":443\"; ma=2592000; v=\"46,43\",h3-Q050=\":443\"; ma=2592000,h3-Q049=\":443\"; ma=2592000,h3-Q048=\":443\"; ma=2592000,h3-Q046=\":443\"; ma=2592000,h3-Q043=\":443\"; ma=2592000,h3-T050=\":443\"; ma=2592000","accept-ranges":"none","transfer-encoding":"chunked"}
[debug] [2020-04-28T18:58:46.468Z] >>> HTTP REQUEST GET https://firebase.googleapis.com/v1beta1/projects/courses-65713/webApps/-/config  
 
[debug] [2020-04-28T18:58:47.202Z] <<< HTTP RESPONSE 200 {"content-type":"application/json; charset=UTF-8","vary":"X-Origin, Referer, Origin,Accept-Encoding","date":"Tue, 28 Apr 2020 18:58:47 GMT","server":"ESF","cache-control":"private","x-xss-protection":"0","x-frame-options":"SAMEORIGIN","x-content-type-options":"nosniff","alt-svc":"quic=\":443\"; ma=2592000; v=\"46,43\",h3-Q050=\":443\"; ma=2592000,h3-Q049=\":443\"; ma=2592000,h3-Q048=\":443\"; ma=2592000,h3-Q046=\":443\"; ma=2592000,h3-Q043=\":443\"; ma=2592000,h3-T050=\":443\"; ma=2592000","accept-ranges":"none","transfer-encoding":"chunked"}
[info] i  hosting: Serving hosting files from: build
[info] +  hosting: Local server: http://localhost:5000
